<?xml version="1.0" encoding="UTF-8"?>
<!-- Generated by org.testng.reporters.JUnitReportReporter -->
<testsuite hostname="DESKTOP-VKIPK2D" failures="0" tests="1" name="testclasses.LoginTest" time="6.622" errors="0" timestamp="2025-03-07T15:14:02 IST" skipped="0">
  <testcase classname="testclasses.LoginTest" name="loginTest" time="6.622"/>
</testsuite> <!-- testclasses.LoginTest -->
